<?xml version="1.0" encoding="UTF-8"?>
<!-- Generated by org.testng.reporters.JUnitReportReporter -->
<testsuite hostname="DESKTOP-IJ2CS2S" failures="0" tests="2" name="Veroke.ruhiy" time="100.362" errors="0" timestamp="2024-01-02T15:11:15 PKT" skipped="0">
  <testcase classname="Veroke.ruhiy" name="login" time="84.572"/>
  <system-out/>
  <testcase classname="Veroke.ruhiy" name="UserManagement" time="15.790"/>
  <system-out/>
</testsuite> <!-- Veroke.ruhiy -->
