<?xml version="1.0" encoding="UTF-8"?>
<!-- Generated by org.testng.reporters.JUnitReportReporter -->
<testsuite hostname="DESKTOP-IJ2CS2S" failures="0" tests="2" name="Veroke.ruhiy" time="107.903" errors="0" timestamp="2024-01-09T11:53:12 PKT" skipped="0">
  <testcase classname="Veroke.ruhiy" name="login" time="84.747"/>
  <system-out/>
  <testcase classname="Veroke.ruhiy" name="UserManagement" time="23.156"/>
  <system-out/>
</testsuite> <!-- Veroke.ruhiy -->
