<?xml version="1.0" encoding="UTF-8"?>
<!-- Generated by org.testng.reporters.JUnitReportReporter -->
<testsuite hostname="DESKTOP-IJ2CS2S" failures="0" tests="2" name="Veroke.ruhiy" time="105.629" errors="0" timestamp="2024-01-03T11:31:28 PKT" skipped="0">
  <testcase classname="Veroke.ruhiy" name="login" time="85.500"/>
  <system-out/>
  <testcase classname="Veroke.ruhiy" name="UserManagement" time="20.129"/>
  <system-out/>
</testsuite> <!-- Veroke.ruhiy -->
